LOG 2020/07/19
Save Path: C:\Users\Administrator.USER-20200623OM\Desktop\N_m3u8DL-CLI_v2.6.3_with_ffmpeg_and_SimpleG\Logs
Task Start: 2020/07/19 22:16:24
Task CommandLine: "C:\Users\Administrator.USER-20200623OM\Desktop\N_m3u8DL-CLI_v2.6.3_with_ffmpeg_and_SimpleG\N_m3u8DL-CLI_v2.6.3.exe" "https://1258712167.vod2.myqcloud.com/fb8e6c92vodtranscq1258712167/76b340c05285890797590278880/drm/voddrm.token.dWluPTE0NDExNTE5ODU3NzI4MTgwODt2b2RfdHlwZT0wO2NpZD00Nzc1NDE7dGVybV9pZD0xMDA1NzE5NDE7ZXh0PTkwYzIyNmJmMDQ0Y2RlYTQ2MjE1NTRmM2Y4MWMzMzZlZGI0MTZmOGM2YmUwMDE4OWRhYjlkODA1MDkwMWE5NTRiM2JlMGIzYzZjYzE3ZWYyM2UxNWNiMzM3NzAyMDhkMzhjZjM2MThjOTkzZjA1Yjk2YjI3N2RiZTEzNTdhZmU3MWI0NjA2MjNkZGZkODNlNQ==.v.f30741.m3u8?us=462272628894581562&exper=0&t=5f3be28f&sign=99e2d986a1767bb1daa58951d0ae5911" --workDir "E:\珠峰课\三步带你玩转TypeScript\技巧篇：TypeScript的正确使用方式" --saveName "技巧篇：TypeScript的正确使用方式" 

22:16:24.186 / (NORMAL) Start Parsing https://1258712167.vod2.myqcloud.com/fb8e6c92vodtranscq1258712167/76b340c05285890797590278880/drm/voddrm.token.dWluPTE0NDExNTE5ODU3NzI4MTgwODt2b2RfdHlwZT0wO2NpZD00Nzc1NDE7dGVybV9pZD0xMDA1NzE5NDE7ZXh0PTkwYzIyNmJmMDQ0Y2RlYTQ2MjE1NTRmM2Y4MWMzMzZlZGI0MTZmOGM2YmUwMDE4OWRhYjlkODA1MDkwMWE5NTRiM2JlMGIzYzZjYzE3ZWYyM2UxNWNiMzM3NzAyMDhkMzhjZjM2MThjOTkzZjA1Yjk2YjI3N2RiZTEzNTdhZmU3MWI0NjA2MjNkZGZkODNlNQ==.v.f30741.m3u8?us=462272628894581562&exper=0&t=5f3be28f&sign=99e2d986a1767bb1daa58951d0ae5911
22:16:25.222 / (NORMAL) Parsing Content
22:16:25.303 / (NORMAL) Opening https://ke.qq.com/cgi-bin/qcloud/get_dk?edk=CiBlLlqGbaHrppg7iSvnx8rejvUJ0b7NX9lIMYYsIJAEjhCO08TAChiaoOvUBCokOTMyNDg4YmItOWZjYS00MzFiLWJiYjItNjFmMDhjYjNlYmM3&fileId=5285890797590278880&keySource=VodBuildInKMS&token=dWluPTE0NDExNTE5ODU3NzI4MTgwODt2b2RfdHlwZT0wO2NpZD00Nzc1NDE7dGVybV9pZD0xMDA1NzE5NDE7ZXh0PTkwYzIyNmJmMDQ0Y2RlYTQ2MjE1NTRmM2Y4MWMzMzZlZGI0MTZmOGM2YmUwMDE4OWRhYjlkODA1MDkwMWE5NTRiM2JlMGIzYzZjYzE3ZWYyM2UxNWNiMzM3NzAyMDhkMzhjZjM2MThjOTkzZjA1Yjk2YjI3N2RiZTEzNTdhZmU3MWI0NjA2MjNkZGZkODNlNQ%3D%3D
22:16:25.702 / (NORMAL) Writing Json: [meta.json]
22:16:25.871 / (NORMAL) Start Downloading
22:16:26.231 / (NORMAL) Reading Video Info
22:16:26.345 / (NORMAL) PID 0x100: Video h264, yuv420p(progressive), 1280x720, 15 fps, 15 tbr, 90k tbn, 30 tbc
22:16:26.346 / (NORMAL) PID 0x101: Audio aac, 44100 Hz, stereo, fltp, 47 kb/s
22:17:50.605 / (ERROR) DOWN: 操作超时 https://1258712167.vod2.myqcloud.com/fb8e6c92vodtranscq1258712167/76b340c05285890797590278880/drm/v.f30741.ts?start=543585888&end=544414415&type=mpegts&sign=c7fa57fec471e4791612a0974f831af8&us=462272628894581562&t=5f3be28f
22:19:27.223 / (NORMAL) Downloaded 791 of 792
22:19:27.224 / (NORMAL) Retry Count 1 / 15
22:19:30.271 / (NORMAL) Start Downloading
22:19:30.948 / (NORMAL) Start Merging
22:19:37.905 / (NORMAL) Result in [ffreport.log]
22:19:37.907 / (NORMAL) Task Done

Task End: 2020/07/19 22:19:37
File: E:\珠峰课\三步带你玩转TypeScript\技巧篇：TypeScript的正确使用方式\技巧篇：TypeScript的正确使用方式.mp4


