LOG 2020/07/19
Save Path: C:\Users\Administrator.USER-20200623OM\Desktop\N_m3u8DL-CLI_v2.6.3_with_ffmpeg_and_SimpleG\Logs
Task Start: 2020/07/19 19:14:38
Task CommandLine: "C:\Users\Administrator.USER-20200623OM\Desktop\N_m3u8DL-CLI_v2.6.3_with_ffmpeg_and_SimpleG\N_m3u8DL-CLI_v2.6.3.exe" "https://1258712167.vod2.myqcloud.com/fb8e6c92vodtranscq1258712167/5b5cbf945285890803985813922/drm/voddrm.token.dWluPTE0NDExNTE5ODU3NzI4MTgwODt2b2RfdHlwZT0wO2NpZD0yNjQ3Nzg5O3Rlcm1faWQ9MTAyNzU0MDI1O2V4dD05MGMyMjZiZjA0NGNkZWE0NjIxNTU0ZjNmODFjMzM2ZWRiNDE2ZjhjNmJlMDAxODlkYWI5ZDgwNTA5MDFhOTU0YjNiZTBiM2M2Y2MxN2VmMjNlMTVjYjMzNzcwMjA4ZDM4Y2YzNjE4Yzk5M2YwNWI5NmIyNzdkYmUxMzU3YWZlNzFiNDYwNjIzZGRmZDgzZTU=.master_playlist.m3u8?t=5f3bb7b9&exper=0&us=4959176637909785676&sign=083489d682a15059a47c07f02ce7c32b" --workDir "E:\珠峰课" --saveName "Vue" 

19:14:38.144 / (NORMAL) Start Parsing https://1258712167.vod2.myqcloud.com/fb8e6c92vodtranscq1258712167/5b5cbf945285890803985813922/drm/voddrm.token.dWluPTE0NDExNTE5ODU3NzI4MTgwODt2b2RfdHlwZT0wO2NpZD0yNjQ3Nzg5O3Rlcm1faWQ9MTAyNzU0MDI1O2V4dD05MGMyMjZiZjA0NGNkZWE0NjIxNTU0ZjNmODFjMzM2ZWRiNDE2ZjhjNmJlMDAxODlkYWI5ZDgwNTA5MDFhOTU0YjNiZTBiM2M2Y2MxN2VmMjNlMTVjYjMzNzcwMjA4ZDM4Y2YzNjE4Yzk5M2YwNWI5NmIyNzdkYmUxMzU3YWZlNzFiNDYwNjIzZGRmZDgzZTU=.master_playlist.m3u8?t=5f3bb7b9&exper=0&us=4959176637909785676&sign=083489d682a15059a47c07f02ce7c32b
19:14:38.733 / (NORMAL) Parsing Content
19:14:38.759 / (NORMAL) Writing Json: [meta.json]
19:14:38.798 / (NORMAL) Master List Found
19:14:38.800 / (NORMAL) Writing Master List Json: [playLists.json]
19:14:39.398 / (NORMAL) Select Playlist: https://1258712167.vod2.myqcloud.com/fb8e6c92vodtranscq1258712167/5b5cbf945285890803985813922/drm/voddrm.token.dWluPTE0NDExNTE5ODU3NzI4MTgwODt2b2RfdHlwZT0wO2NpZD0yNjQ3Nzg5O3Rlcm1faWQ9MTAyNzU0MDI1O2V4dD05MGMyMjZiZjA0NGNkZWE0NjIxNTU0ZjNmODFjMzM2ZWRiNDE2ZjhjNmJlMDAxODlkYWI5ZDgwNTA5MDFhOTU0YjNiZTBiM2M2Y2MxN2VmMjNlMTVjYjMzNzcwMjA4ZDM4Y2YzNjE4Yzk5M2YwNWI5NmIyNzdkYmUxMzU3YWZlNzFiNDYwNjIzZGRmZDgzZTU=.v.f30741.m3u8?exper=0&sign=083489d682a15059a47c07f02ce7c32b&t=5f3bb7b9&us=4959176637909785676
19:14:39.407 / (NORMAL) Start Re-Parsing
19:14:43.483 / (NORMAL) Parsing Content
19:14:43.554 / (NORMAL) Opening https://ke.qq.com/cgi-bin/qcloud/get_dk?edk=CiAIA1j%2FfIt941wI4El67tT1GS30aCXR%2FYR72sE4rEqdehCO08TAChiaoOvUBCokOTMyNDg4YmItOWZjYS00MzFiLWJiYjItNjFmMDhjYjNlYmM3&fileId=5285890803985813922&keySource=VodBuildInKMS&token=dWluPTE0NDExNTE5ODU3NzI4MTgwODt2b2RfdHlwZT0wO2NpZD0yNjQ3Nzg5O3Rlcm1faWQ9MTAyNzU0MDI1O2V4dD05MGMyMjZiZjA0NGNkZWE0NjIxNTU0ZjNmODFjMzM2ZWRiNDE2ZjhjNmJlMDAxODlkYWI5ZDgwNTA5MDFhOTU0YjNiZTBiM2M2Y2MxN2VmMjNlMTVjYjMzNzcwMjA4ZDM4Y2YzNjE4Yzk5M2YwNWI5NmIyNzdkYmUxMzU3YWZlNzFiNDYwNjIzZGRmZDgzZTU%3D
19:14:44.001 / (NORMAL) Writing Json: [meta.json]
19:14:44.138 / (NORMAL) Start Downloading
19:14:44.666 / (NORMAL) Reading Video Info
19:14:45.196 / (NORMAL) PID 0x100: Video h264, yuv420p(tv, progressive), 1348x720, 15 fps, 15 tbr, 90k tbn, 30 tbc
19:14:45.198 / (NORMAL) PID 0x101: Audio aac, 44100 Hz, stereo, fltp, 45 kb/s
19:18:25.049 / (NORMAL) Start Merging
19:18:34.134 / (NORMAL) Result in [ffreport.log]
19:18:34.135 / (NORMAL) Task Done

Task End: 2020/07/19 19:18:34
File: E:\珠峰课\Vue.mp4


